<?xml version="1.0" encoding="UTF-8"?>
<!-- Generated by org.testng.reporters.JUnitReportReporter -->
<testsuite hostname="DESKTOP-FM2PRIK" failures="0" tests="2" name="com.test.GoogleTest" time="22.176" errors="0" timestamp="26 Sep 2020 05:39:27 GMT" skipped="0">
  <testcase classname="com.test.GoogleTest" name="googleTitleTest" time="9.534"/>
  <testcase classname="com.test.GoogleTest" name="googleLogoTest" time="12.642"/>
</testsuite> <!-- com.test.GoogleTest -->
