<?xml version="1.0" encoding="UTF-8"?>
<!-- Generated by org.testng.reporters.JUnitReportReporter -->
<testsuite hostname="DESKTOP-FM2PRIK" failures="0" tests="2" name="com.test.TestNgBasics" time="0.024" errors="0" timestamp="26 Sep 2020 05:03:13 GMT" skipped="0">
  <testcase classname="com.test.TestNgBasics" name="googleTest" time="0.011"/>
  <testcase classname="com.test.TestNgBasics" name="googleTitleTest" time="0.013"/>
</testsuite> <!-- com.test.TestNgBasics -->
