<?xml version="1.0" encoding="UTF-8"?>
<!-- Generated by org.testng.reporters.JUnitReportReporter -->
<testsuite hostname="DESKTOP-FM2PRIK" failures="0" tests="3" name="com.test.TestNGFeatures" time="0.024" errors="0" timestamp="26 Sep 2020 05:58:50 GMT" skipped="0">
  <testcase classname="com.test.TestNGFeatures" name="homePageTest" time="0.019"/>
  <testcase classname="com.test.TestNGFeatures" name="loginTest" time="0.002"/>
  <testcase classname="com.test.TestNGFeatures" name="searchPageTest" time="0.003"/>
</testsuite> <!-- com.test.TestNGFeatures -->
