<?xml version="1.0" encoding="UTF-8"?>
<!-- Generated by org.testng.reporters.JUnitReportReporter -->
<testsuite hostname="DESKTOP-FM2PRIK" failures="0" tests="10" name="com.test.InvocationCountTest" time="0.106" errors="0" timestamp="26 Sep 2020 06:10:45 GMT" skipped="0">
  <testcase classname="com.test.InvocationCountTest" name="sum" time="0.007"/>
  <testcase classname="com.test.InvocationCountTest" name="sum" time="0.013"/>
  <testcase classname="com.test.InvocationCountTest" name="sum" time="0.013"/>
  <testcase classname="com.test.InvocationCountTest" name="sum" time="0.010"/>
  <testcase classname="com.test.InvocationCountTest" name="sum" time="0.010"/>
  <testcase classname="com.test.InvocationCountTest" name="sum" time="0.012"/>
  <testcase classname="com.test.InvocationCountTest" name="sum" time="0.004"/>
  <testcase classname="com.test.InvocationCountTest" name="sum" time="0.011"/>
  <testcase classname="com.test.InvocationCountTest" name="sum" time="0.023"/>
  <testcase classname="com.test.InvocationCountTest" name="sum" time="0.003"/>
</testsuite> <!-- com.test.InvocationCountTest -->
